<?xml version="1.0" encoding="utf-8"?><testsuites name="pytest tests"><testsuite name="pytest" errors="0" failures="0" skipped="0" tests="20" time="4.373" timestamp="2026-07-25T07:44:34.395207+00:00" hostname="agent-env-49cae5f3-4139-49a0-89d1-82103736c4de"><testcase classname="tests.backend_test.TestLeadsAdmin" name="test_list_requires_auth" time="0.202" /><testcase classname="tests.backend_test.TestLeadsCreate" name="test_create_lead_types[partner-extra0]" time="0.252" /><testcase classname="tests.backend_test.TestLeadsCreate" name="test_create_lead_types[general-extra1]" time="0.280" /><testcase classname="tests.backend_test.TestLeadsAdmin" name="test_list_with_auth" time="0.436" /><testcase classname="tests.backend_test.TestLeadsCreate" name="test_create_lead_types[franchise-extra2]" time="0.099" /><testcase classname="tests.backend_test.TestLeadsCreate" name="test_create_lead_types[consultation-extra3]" time="0.095" /><testcase classname="tests.backend_test.TestLeadsAdmin" name="test_list_filter_lead_type" time="0.147" /><testcase classname="tests.backend_test.TestLeadsCreate" name="test_missing_fields" time="0.107" /><testcase classname="tests.backend_test.TestLeadsAdmin" name="test_list_filter_status" time="0.096" /><testcase classname="tests.backend_test.TestLeadsCreate" name="test_invalid_email" time="0.103" /><testcase classname="tests.backend_test.TestLeadsAdmin" name="test_stats" time="0.139" /><testcase classname="tests.backend_test.TestLeadsCreate" name="test_rate_limit" time="0.856" /><testcase classname="tests.backend_test.TestLeadsAdmin" name="test_stats_requires_auth" time="0.129" /><testcase classname="tests.backend_test.TestLeadsAdmin" name="test_patch_and_delete_lead" time="2.489" /><testcase classname="tests.backend_test.TestAuth" name="test_login_success" time="0.318" /><testcase classname="tests.backend_test.TestAuth" name="test_login_wrong_password" time="0.325" /><testcase classname="tests.backend_test.TestAuth" name="test_me_with_token" time="0.418" /><testcase classname="tests.backend_test.TestAuth" name="test_me_no_token" time="0.094" /><testcase classname="tests.backend_test.TestLeadsAdmin" name="test_export_csv" time="0.107" /><testcase classname="tests.backend_test.TestLeadsAdmin" name="test_export_requires_auth" time="0.101" /></testsuite></testsuites>